2023-04-06T16:12:45.021+05:30  INFO 7064 --- [main] c.c.a.AllergyServiceApplicationTests     : Starting AllergyServiceApplicationTests using Java 17.0.6 with PID 7064 (started by thata in C:\Users\thata\Desktop\git clone\Final-integration\Microservices\g3-allergy-service)
2023-04-06T16:12:45.048+05:30  INFO 7064 --- [main] c.c.a.AllergyServiceApplicationTests     : No active profile set, falling back to 1 default profile: "default"
2023-04-06T16:12:52.194+05:30  INFO 7064 --- [main] .s.d.r.c.RepositoryConfigurationDelegate : Bootstrapping Spring Data JPA repositories in DEFAULT mode.
2023-04-06T16:12:52.742+05:30  INFO 7064 --- [main] .s.d.r.c.RepositoryConfigurationDelegate : Finished Spring Data repository scanning in 499 ms. Found 1 JPA repository interfaces.
2023-04-06T16:12:53.645+05:30  INFO 7064 --- [main] o.s.cloud.context.scope.GenericScope     : BeanFactory id=7bc34de1-41c2-3d7b-b481-431129f8ee16
2023-04-06T16:12:55.791+05:30  INFO 7064 --- [main] trationDelegate$BeanPostProcessorChecker : Bean 'org.springframework.ws.config.annotation.DelegatingWsConfiguration' of type [org.springframework.ws.config.annotation.DelegatingWsConfiguration$$SpringCGLIB$$0] is not eligible for getting processed by all BeanPostProcessors (for example: not eligible for auto-proxying)
2023-04-06T16:12:55.987+05:30  INFO 7064 --- [main] .w.s.a.s.AnnotationActionEndpointMapping : Supporting [WS-Addressing August 2004, WS-Addressing 1.0]
2023-04-06T16:12:56.781+05:30  INFO 7064 --- [main] o.hibernate.jpa.internal.util.LogHelper  : HHH000204: Processing PersistenceUnitInfo [name: default]
2023-04-06T16:12:57.079+05:30  INFO 7064 --- [main] org.hibernate.Version                    : HHH000412: Hibernate ORM core version 6.1.7.Final
2023-04-06T16:12:57.726+05:30  INFO 7064 --- [main] com.zaxxer.hikari.HikariDataSource       : HikariPool-1 - Starting...
2023-04-06T16:13:00.842+05:30  INFO 7064 --- [main] com.zaxxer.hikari.pool.HikariPool        : HikariPool-1 - Added connection com.mysql.cj.jdbc.ConnectionImpl@77871825
2023-04-06T16:13:00.854+05:30  INFO 7064 --- [main] com.zaxxer.hikari.HikariDataSource       : HikariPool-1 - Start completed.
2023-04-06T16:13:02.038+05:30  INFO 7064 --- [main] SQL dialect                              : HHH000400: Using dialect: org.hibernate.dialect.MySQLDialect
2023-04-06T16:13:04.716+05:30  INFO 7064 --- [main] o.h.e.t.j.p.i.JtaPlatformInitiator       : HHH000490: Using JtaPlatform implementation: [org.hibernate.engine.transaction.jta.platform.internal.NoJtaPlatform]
2023-04-06T16:13:04.766+05:30  INFO 7064 --- [main] j.LocalContainerEntityManagerFactoryBean : Initialized JPA EntityManagerFactory for persistence unit 'default'
2023-04-06T16:13:05.576+05:30  WARN 7064 --- [main] JpaBaseConfiguration$JpaWebConfiguration : spring.jpa.open-in-view is enabled by default. Therefore, database queries may be performed during view rendering. Explicitly configure spring.jpa.open-in-view to disable this warning
2023-04-06T16:13:11.730+05:30  WARN 7064 --- [main] iguration$LoadBalancerCaffeineWarnLogger : Spring Cloud LoadBalancer is currently working with the default cache. While this cache implementation is useful for development and tests, it's recommended to use Caffeine cache in production.You can switch to using Caffeine cache, by adding it and org.springframework.cache.caffeine.CaffeineCacheManager to the classpath.
2023-04-06T16:13:11.764+05:30  INFO 7064 --- [main] o.s.b.a.e.web.EndpointLinksResolver      : Exposing 18 endpoint(s) beneath base path '/actuator'
2023-04-06T16:13:11.967+05:30  INFO 7064 --- [main] c.c.a.AllergyServiceApplicationTests     : Started AllergyServiceApplicationTests in 29.955 seconds (process running for 36.092)
2023-04-06T16:13:12.377+05:30  INFO 7064 --- [main] o.s.b.t.m.w.SpringBootMockServletContext : Initializing Spring TestDispatcherServlet ''
2023-04-06T16:13:12.378+05:30  INFO 7064 --- [main] o.s.t.web.servlet.TestDispatcherServlet  : Initializing Servlet ''
2023-04-06T16:13:12.385+05:30  INFO 7064 --- [main] o.s.t.web.servlet.TestDispatcherServlet  : Completed initialization in 5 ms
2023-04-06T16:13:12.438+05:30  INFO 7064 --- [main] c.c.a.service.impl.AllergyServiceImpl    : Allergy List:[]
2023-04-06T16:13:12.440+05:30 ERROR 7064 --- [main] c.c.a.service.impl.AllergyServiceImpl    : Couldn't find any allergy in the databse
2023-04-06T16:13:12.515+05:30  INFO 7064 --- [main] o.s.b.t.m.w.SpringBootMockServletContext : Initializing Spring TestDispatcherServlet ''
2023-04-06T16:13:12.517+05:30  INFO 7064 --- [main] o.s.t.web.servlet.TestDispatcherServlet  : Initializing Servlet ''
2023-04-06T16:13:12.537+05:30  INFO 7064 --- [main] o.s.t.web.servlet.TestDispatcherServlet  : Completed initialization in 17 ms
2023-04-06T16:13:12.543+05:30  INFO 7064 --- [main] c.c.a.service.impl.AllergyServiceImpl    : Allergy by id found:Optional.empty
2023-04-06T16:13:12.546+05:30 ERROR 7064 --- [main] c.c.a.service.impl.AllergyServiceImpl    : Couldn't find allergy by the id1
2023-04-06T16:13:12.712+05:30  INFO 7064 --- [main] o.s.b.t.m.w.SpringBootMockServletContext : Initializing Spring TestDispatcherServlet ''
2023-04-06T16:13:12.713+05:30  INFO 7064 --- [main] o.s.t.web.servlet.TestDispatcherServlet  : Initializing Servlet ''
2023-04-06T16:13:12.719+05:30  INFO 7064 --- [main] o.s.t.web.servlet.TestDispatcherServlet  : Completed initialization in 5 ms
2023-04-06T16:13:12.882+05:30  INFO 7064 --- [main] c.c.a.controller.AllergyController       : Allergy controller passing controller to allergy service
2023-04-06T16:13:13.226+05:30  INFO 7064 --- [main] o.s.b.t.m.w.SpringBootMockServletContext : Initializing Spring TestDispatcherServlet ''
2023-04-06T16:13:13.226+05:30  INFO 7064 --- [main] o.s.t.web.servlet.TestDispatcherServlet  : Initializing Servlet ''
2023-04-06T16:13:13.229+05:30  INFO 7064 --- [main] o.s.t.web.servlet.TestDispatcherServlet  : Completed initialization in 3 ms
2023-04-06T16:13:13.368+05:30  INFO 7064 --- [SpringApplicationShutdownHook] j.LocalContainerEntityManagerFactoryBean : Closing JPA EntityManagerFactory for persistence unit 'default'
2023-04-06T16:13:13.732+05:30  INFO 7064 --- [SpringApplicationShutdownHook] com.zaxxer.hikari.HikariDataSource       : HikariPool-1 - Shutdown initiated...
2023-04-06T16:13:13.746+05:30  INFO 7064 --- [SpringApplicationShutdownHook] com.zaxxer.hikari.HikariDataSource       : HikariPool-1 - Shutdown completed.
2023-04-06T16:13:30.965+05:30  INFO 13988 --- [restartedMain] c.c.a.AllergyServiceApplication          : Starting AllergyServiceApplication using Java 17.0.6 with PID 13988 (C:\Users\thata\Desktop\git clone\Final-integration\Microservices\g3-allergy-service\target\classes started by thata in C:\Users\thata\Desktop\git clone\Final-integration\Microservices\g3-allergy-service)
2023-04-06T16:13:30.969+05:30  INFO 13988 --- [restartedMain] c.c.a.AllergyServiceApplication          : No active profile set, falling back to 1 default profile: "default"
2023-04-06T16:13:31.031+05:30  INFO 13988 --- [restartedMain] .e.DevToolsPropertyDefaultsPostProcessor : Devtools property defaults active! Set 'spring.devtools.add-properties' to 'false' to disable
2023-04-06T16:13:31.031+05:30  INFO 13988 --- [restartedMain] .e.DevToolsPropertyDefaultsPostProcessor : For additional web related logging consider setting the 'logging.level.web' property to 'DEBUG'
2023-04-06T16:13:32.704+05:30  INFO 13988 --- [restartedMain] .s.d.r.c.RepositoryConfigurationDelegate : Bootstrapping Spring Data JPA repositories in DEFAULT mode.
2023-04-06T16:13:32.880+05:30  INFO 13988 --- [restartedMain] .s.d.r.c.RepositoryConfigurationDelegate : Finished Spring Data repository scanning in 163 ms. Found 1 JPA repository interfaces.
2023-04-06T16:13:33.227+05:30  INFO 13988 --- [restartedMain] o.s.cloud.context.scope.GenericScope     : BeanFactory id=07f27076-da40-329a-bb90-b488461165e5
2023-04-06T16:13:33.372+05:30  INFO 13988 --- [restartedMain] trationDelegate$BeanPostProcessorChecker : Bean 'org.springframework.ws.config.annotation.DelegatingWsConfiguration' of type [org.springframework.ws.config.annotation.DelegatingWsConfiguration$$SpringCGLIB$$0] is not eligible for getting processed by all BeanPostProcessors (for example: not eligible for auto-proxying)
2023-04-06T16:13:33.423+05:30  INFO 13988 --- [restartedMain] .w.s.a.s.AnnotationActionEndpointMapping : Supporting [WS-Addressing August 2004, WS-Addressing 1.0]
2023-04-06T16:13:34.024+05:30  INFO 13988 --- [restartedMain] o.s.b.w.embedded.tomcat.TomcatWebServer  : Tomcat initialized with port(s): 9002 (http)
2023-04-06T16:13:34.043+05:30  INFO 13988 --- [restartedMain] o.apache.catalina.core.StandardService   : Starting service [Tomcat]
2023-04-06T16:13:34.044+05:30  INFO 13988 --- [restartedMain] o.apache.catalina.core.StandardEngine    : Starting Servlet engine: [Apache Tomcat/10.1.5]
2023-04-06T16:13:34.158+05:30  INFO 13988 --- [restartedMain] o.a.c.c.C.[Tomcat].[localhost].[/]       : Initializing Spring embedded WebApplicationContext
2023-04-06T16:13:34.160+05:30  INFO 13988 --- [restartedMain] w.s.c.ServletWebServerApplicationContext : Root WebApplicationContext: initialization completed in 3128 ms
2023-04-06T16:13:34.465+05:30  INFO 13988 --- [restartedMain] o.hibernate.jpa.internal.util.LogHelper  : HHH000204: Processing PersistenceUnitInfo [name: default]
2023-04-06T16:13:34.532+05:30  INFO 13988 --- [restartedMain] org.hibernate.Version                    : HHH000412: Hibernate ORM core version 6.1.7.Final
2023-04-06T16:13:34.886+05:30  INFO 13988 --- [restartedMain] com.zaxxer.hikari.HikariDataSource       : HikariPool-1 - Starting...
2023-04-06T16:13:35.078+05:30  INFO 13988 --- [restartedMain] com.zaxxer.hikari.pool.HikariPool        : HikariPool-1 - Added connection com.mysql.cj.jdbc.ConnectionImpl@2faadde5
2023-04-06T16:13:35.081+05:30  INFO 13988 --- [restartedMain] com.zaxxer.hikari.HikariDataSource       : HikariPool-1 - Start completed.
2023-04-06T16:13:35.210+05:30  INFO 13988 --- [restartedMain] SQL dialect                              : HHH000400: Using dialect: org.hibernate.dialect.MySQLDialect
2023-04-06T16:13:36.159+05:30  INFO 13988 --- [restartedMain] o.h.e.t.j.p.i.JtaPlatformInitiator       : HHH000490: Using JtaPlatform implementation: [org.hibernate.engine.transaction.jta.platform.internal.NoJtaPlatform]
2023-04-06T16:13:36.181+05:30  INFO 13988 --- [restartedMain] j.LocalContainerEntityManagerFactoryBean : Initialized JPA EntityManagerFactory for persistence unit 'default'
2023-04-06T16:13:36.645+05:30  WARN 13988 --- [restartedMain] JpaBaseConfiguration$JpaWebConfiguration : spring.jpa.open-in-view is enabled by default. Therefore, database queries may be performed during view rendering. Explicitly configure spring.jpa.open-in-view to disable this warning
2023-04-06T16:13:38.459+05:30  INFO 13988 --- [restartedMain] o.s.b.d.a.OptionalLiveReloadServer       : LiveReload server is running on port 35729
2023-04-06T16:13:38.673+05:30  WARN 13988 --- [restartedMain] iguration$LoadBalancerCaffeineWarnLogger : Spring Cloud LoadBalancer is currently working with the default cache. While this cache implementation is useful for development and tests, it's recommended to use Caffeine cache in production.You can switch to using Caffeine cache, by adding it and org.springframework.cache.caffeine.CaffeineCacheManager to the classpath.
2023-04-06T16:13:38.683+05:30  INFO 13988 --- [restartedMain] o.s.b.a.e.web.EndpointLinksResolver      : Exposing 19 endpoint(s) beneath base path '/actuator'
2023-04-06T16:13:38.882+05:30  INFO 13988 --- [restartedMain] o.s.b.w.embedded.tomcat.TomcatWebServer  : Tomcat started on port(s): 9002 (http) with context path ''
2023-04-06T16:13:38.891+05:30  INFO 13988 --- [restartedMain] o.s.c.c.s.ConsulServiceRegistry          : Registering service with consul: NewService{id='g3-allergy-service-9002', name='g3-allergy-service', tags=[], address='DESKTOP-J9AJEHM', meta={secure=false}, port=9002, enableTagOverride=null, check=Check{script='null', dockerContainerID='null', shell='null', interval='10s', ttl='null', http='http://DESKTOP-J9AJEHM:9002/actuator/health', method='null', header={}, tcp='null', timeout='null', deregisterCriticalServiceAfter='null', tlsSkipVerify=null, status='null', grpc='null', grpcUseTLS=null}, checks=null}
2023-04-06T16:13:39.369+05:30  INFO 13988 --- [restartedMain] c.c.a.AllergyServiceApplication          : Started AllergyServiceApplication in 9.616 seconds (process running for 10.441)
2023-04-06T16:13:39.877+05:30  INFO 13988 --- [http-nio-9002-exec-1] o.a.c.c.C.[Tomcat].[localhost].[/]       : Initializing Spring DispatcherServlet 'dispatcherServlet'
2023-04-06T16:13:39.878+05:30  INFO 13988 --- [http-nio-9002-exec-1] o.s.web.servlet.DispatcherServlet        : Initializing Servlet 'dispatcherServlet'
2023-04-06T16:13:39.882+05:30  INFO 13988 --- [http-nio-9002-exec-1] o.s.web.servlet.DispatcherServlet        : Completed initialization in 3 ms
